<?xml version="1.0" encoding="UTF-8"?>
<!-- Generated by org.testng.reporters.JUnitXMLReporter -->
<testsuite ignored="0" hostname="DESKTOP-T9QN3PE" failures="1" tests="9" name="Regression" time="76.55" errors="0" timestamp="2022-11-21T13:59:32 IST">
  <testcase classname="newpackage.GoogleTest" name="TryPremeium" time="0.104"/>
  <testcase classname="newpackage.GoogleTest" name="signin" time="1.493"/>
  <testcase classname="newpackage.GoogleTest" name="Microsoft" time="0.098"/>
  <testcase classname="newpackage.testngdemo1" name="checkLogo" time="0.056"/>
  <testcase classname="newpackage.testngdemo1" name="checkText" time="0.04"/>
  <testcase classname="newpackage.testngdemo1" name="Microsoft" time="0.005"/>
  <testcase classname="newpackage.testngdemo2" name="checkLogo" time="0.027">
    <failure type="org.openqa.selenium.NoSuchElementException" message="Unable to locate element: a.button:nth-child(2)
For documentation on this error, please visit: https://selenium.dev/exceptions/#no_such_element
Build info: version: &amp;apos;4.5.3&amp;apos;, revision: &amp;apos;4b786a1e430&amp;apos;
System info: os.name: &amp;apos;Windows 11&amp;apos;, os.arch: &amp;apos;amd64&amp;apos;, os.version: &amp;apos;10.0&amp;apos;, java.version: &amp;apos;19.0.1&amp;apos;
Driver info: org.openqa.selenium.firefox.FirefoxDriver
Command: [88e0fc33-658c-4e0c-baab-cc07fd622b84, findElement {using=css selector, value=a.button:nth-child(2)}]
Capabilities {acceptInsecureCerts: true, browserName: firefox, browserVersion: 107.0, moz:accessibilityChecks: false, moz:buildID: 20221110173214, moz:debuggerAddress: 127.0.0.1:2224, moz:geckodriverVersion: 0.32.0, moz:headless: false, moz:platformVersion: 10.0, moz:processID: 45348, moz:profile: C:\Users\Visha\AppData\Loca..., moz:shutdownTimeout: 60000, moz:useNonSpecCompliantPointerOrigin: false, moz:webdriverClick: true, moz:windowless: false, pageLoadStrategy: normal, platformName: WINDOWS, proxy: Proxy(), se:cdp: ws://127.0.0.1:2224/devtool..., se:cdpVersion: 85.0, setWindowRect: true, strictFileInteractability: false, timeouts: {implicit: 0, pageLoad: 300000, script: 30000}, unhandledPromptBehavior: dismiss and notify}
Session ID: 88e0fc33-658c-4e0c-baab-cc07fd622b84">
      <![CDATA[org.openqa.selenium.NoSuchElementException: Unable to locate element: a.button:nth-child(2)
For documentation on this error, please visit: https://selenium.dev/exceptions/#no_such_element
Build info: version: '4.5.3', revision: '4b786a1e430'
System info: os.name: 'Windows 11', os.arch: 'amd64', os.version: '10.0', java.version: '19.0.1'
Driver info: org.openqa.selenium.firefox.FirefoxDriver
Command: [88e0fc33-658c-4e0c-baab-cc07fd622b84, findElement {using=css selector, value=a.button:nth-child(2)}]
Capabilities {acceptInsecureCerts: true, browserName: firefox, browserVersion: 107.0, moz:accessibilityChecks: false, moz:buildID: 20221110173214, moz:debuggerAddress: 127.0.0.1:2224, moz:geckodriverVersion: 0.32.0, moz:headless: false, moz:platformVersion: 10.0, moz:processID: 45348, moz:profile: C:\Users\Visha\AppData\Loca..., moz:shutdownTimeout: 60000, moz:useNonSpecCompliantPointerOrigin: false, moz:webdriverClick: true, moz:windowless: false, pageLoadStrategy: normal, platformName: WINDOWS, proxy: Proxy(), se:cdp: ws://127.0.0.1:2224/devtool..., se:cdpVersion: 85.0, setWindowRect: true, strictFileInteractability: false, timeouts: {implicit: 0, pageLoad: 300000, script: 30000}, unhandledPromptBehavior: dismiss and notify}
Session ID: 88e0fc33-658c-4e0c-baab-cc07fd622b84
at org.openqa.selenium.remote.codec.w3c.W3CHttpResponseCodec.createException(W3CHttpResponseCodec.java:200)
at org.openqa.selenium.remote.codec.w3c.W3CHttpResponseCodec.decode(W3CHttpResponseCodec.java:133)
at org.openqa.selenium.remote.codec.w3c.W3CHttpResponseCodec.decode(W3CHttpResponseCodec.java:53)
at org.openqa.selenium.remote.HttpCommandExecutor.execute(HttpCommandExecutor.java:184)
at org.openqa.selenium.remote.service.DriverCommandExecutor.invokeExecute(DriverCommandExecutor.java:167)
at org.openqa.selenium.remote.service.DriverCommandExecutor.execute(DriverCommandExecutor.java:142)
at org.openqa.selenium.remote.RemoteWebDriver.execute(RemoteWebDriver.java:541)
at org.openqa.selenium.remote.ElementLocation$ElementFinder$2.findElement(ElementLocation.java:162)
at org.openqa.selenium.remote.ElementLocation.findElement(ElementLocation.java:60)
at org.openqa.selenium.remote.RemoteWebDriver.findElement(RemoteWebDriver.java:365)
at org.openqa.selenium.remote.RemoteWebDriver.findElement(RemoteWebDriver.java:357)
at newpackage.testngdemo2.checkLogo(testngdemo2.java:37)
at java.base/java.util.ArrayList.forEach(ArrayList.java:1511)
... Removed 28 stack frames]]>
    </failure>
  </testcase> <!-- checkLogo -->
  <testcase classname="newpackage.testngdemo2" name="checkText" time="0.0">
    <skipped/>
  </testcase> <!-- checkText -->
  <testcase classname="newpackage.testngdemo2" name="Microsoft" time="0.001">
    <skipped/>
  </testcase> <!-- Microsoft -->
</testsuite> <!-- Regression -->
